# JRE version: Java(TM) SE Runtime Environment (19.0.1+10) (build 19.0.1+10-21)
# Java VM: Java HotSpot(TM) 64-Bit Server VM (19.0.1+10-21, mixed mode, sharing, tiered, compressed oops, compressed class ptrs, g1 gc, bsd-aarch64)
GC Precious Log:
 CardTable entry size: 512
 Card Set container configuration: InlinePtr #cards 4 size 8 Array Of Cards #cards 64 size 144 Howl #buckets 8 coarsen threshold 14745 Howl Bitmap #cards 2048 size 272 coarsen threshold 1843 Card regions per heap region 1 cards per card region 16384
 CPUs: 10 total, 10 available
 Memory: 65536M
 Large Page Support: Disabled
 NUMA Support: Disabled
 Compressed Oops: Enabled (Zero based)
 Heap Region Size: 8M
 Heap Min Capacity: 8M
 Heap Initial Capacity: 1G
 Heap Max Capacity: 16G
 Pre-touch: Disabled
 Parallel Workers: 9
 Concurrent Workers: 2
 Concurrent Refinement Workers: 9
 Periodic GC: Disabled
Heap:
 garbage-first heap   total 221184K, used 134450K [0x0000000400000000, 0x0000000800000000)
  region size 8192K, 10 young (81920K), 0 survivors (0K)
 Metaspace       used 69144K, committed 70080K, reserved 1114112K
  class space    used 8444K, committed 8896K, reserved 1048576K
GC Heap History (20 events):
Event: 88.639 GC heap before
{Heap before GC invocations=13 (full 1):
 garbage-first heap   total 163840K, used 50693K [0x0000000400000000, 0x0000000800000000)
  region size 8192K, 3 young (24576K), 1 survivors (8192K)
 Metaspace       used 65235K, committed 66048K, reserved 1114112K
  class space    used 8278K, committed 8704K, reserved 1048576K
}
Event: 88.671 GC heap after
{Heap after GC invocations=14 (full 2):
 garbage-first heap   total 163840K, used 38896K [0x0000000400000000, 0x0000000800000000)
  region size 8192K, 0 young (0K), 0 survivors (0K)
 Metaspace       used 65228K, committed 66048K, reserved 1114112K
  class space    used 8277K, committed 8704K, reserved 1048576K
}
Event: 88.998 GC heap before
{Heap before GC invocations=14 (full 2):
 garbage-first heap   total 163840K, used 104432K [0x0000000400000000, 0x0000000800000000)
  region size 8192K, 8 young (65536K), 0 survivors (0K)
 Metaspace       used 65565K, committed 66432K, reserved 1114112K
  class space    used 8290K, committed 8704K, reserved 1048576K
}
Event: 89.000 GC heap after
{Heap after GC invocations=15 (full 2):
 garbage-first heap   total 606208K, used 44595K [0x0000000400000000, 0x0000000800000000)
  region size 8192K, 1 young (8192K), 1 survivors (8192K)
 Metaspace       used 65565K, committed 66432K, reserved 1114112K
  class space    used 8290K, committed 8704K, reserved 1048576K
}
Event: 314.149 GC heap before
{Heap before GC invocations=15 (full 2):
 garbage-first heap   total 606208K, used 69171K [0x0000000400000000, 0x0000000800000000)
  region size 8192K, 5 young (40960K), 1 survivors (8192K)
 Metaspace       used 66093K, committed 66880K, reserved 1114112K
  class space    used 8318K, committed 8704K, reserved 1048576K
}
Event: 314.208 GC heap after
{Heap after GC invocations=16 (full 3):
 garbage-first heap   total 245760K, used 42903K [0x0000000400000000, 0x0000000800000000)
  region size 8192K, 0 young (0K), 0 survivors (0K)
 Metaspace       used 66087K, committed 66880K, reserved 1114112K
  class space    used 8317K, committed 8704K, reserved 1048576K
}
Event: 317.274 GC heap before
{Heap before GC invocations=16 (full 3):
 garbage-first heap   total 245760K, used 116631K [0x0000000400000000, 0x0000000800000000)
  region size 8192K, 10 young (81920K), 0 survivors (0K)
 Metaspace       used 66507K, committed 67328K, reserved 1114112K
  class space    used 8333K, committed 8768K, reserved 1048576K
}
Event: 317.342 GC heap after
{Heap after GC invocations=17 (full 4):
 garbage-first heap   total 221184K, used 45429K [0x0000000400000000, 0x0000000800000000)
  region size 8192K, 0 young (0K), 0 survivors (0K)
 Metaspace       used 66500K, committed 67328K, reserved 1114112K
  class space    used 8332K, committed 8768K, reserved 1048576K
}
Event: 338.435 GC heap before
{Heap before GC invocations=17 (full 4):
 garbage-first heap   total 221184K, used 119157K [0x0000000400000000, 0x0000000800000000)
  region size 8192K, 10 young (81920K), 0 survivors (0K)
 Metaspace       used 66861K, committed 67712K, reserved 1114112K
  class space    used 8346K, committed 8768K, reserved 1048576K
}
Event: 338.484 GC heap after
{Heap after GC invocations=18 (full 5):
 garbage-first heap   total 221184K, used 48029K [0x0000000400000000, 0x0000000800000000)
  region size 8192K, 0 young (0K), 0 survivors (0K)
 Metaspace       used 66854K, committed 67712K, reserved 1114112K
  class space    used 8345K, committed 8768K, reserved 1048576K
}
Event: 340.595 GC heap before
{Heap before GC invocations=18 (full 5):
 garbage-first heap   total 221184K, used 121757K [0x0000000400000000, 0x0000000800000000)
  region size 8192K, 10 young (81920K), 0 survivors (0K)
 Metaspace       used 67176K, committed 68032K, reserved 1114112K
  class space    used 8360K, committed 8768K, reserved 1048576K
}
Event: 340.637 GC heap after
{Heap after GC invocations=19 (full 6):
 garbage-first heap   total 221184K, used 50553K [0x0000000400000000, 0x0000000800000000)
  region size 8192K, 0 young (0K), 0 survivors (0K)
 Metaspace       used 67169K, committed 68032K, reserved 1114112K
  class space    used 8359K, committed 8768K, reserved 1048576K
}
Event: 353.394 GC heap before
{Heap before GC invocations=19 (full 6):
 garbage-first heap   total 221184K, used 124281K [0x0000000400000000, 0x0000000800000000)
  region size 8192K, 10 young (81920K), 0 survivors (0K)
 Metaspace       used 67485K, committed 68352K, reserved 1114112K
  class space    used 8374K, committed 8768K, reserved 1048576K
}
Event: 353.453 GC heap after
{Heap after GC invocations=20 (full 7):
 garbage-first heap   total 221184K, used 53079K [0x0000000400000000, 0x0000000800000000)
  region size 8192K, 0 young (0K), 0 survivors (0K)
 Metaspace       used 67478K, committed 68352K, reserved 1114112K
  class space    used 8373K, committed 8768K, reserved 1048576K
}
Event: 355.277 GC heap before
{Heap before GC invocations=20 (full 7):
 garbage-first heap   total 221184K, used 126807K [0x0000000400000000, 0x0000000800000000)
  region size 8192K, 10 young (81920K), 0 survivors (0K)
 Metaspace       used 67804K, committed 68736K, reserved 1114112K
  class space    used 8388K, committed 8832K, reserved 1048576K
}
Event: 355.343 GC heap after
{Heap after GC invocations=21 (full 8):
 garbage-first heap   total 221184K, used 55601K [0x0000000400000000, 0x0000000800000000)
  region size 8192K, 0 young (0K), 0 survivors (0K)
 Metaspace       used 67797K, committed 68736K, reserved 1114112K
  class space    used 8387K, committed 8832K, reserved 1048576K
}
Event: 357.014 GC heap before
{Heap before GC invocations=21 (full 8):
 garbage-first heap   total 221184K, used 129329K [0x0000000400000000, 0x0000000800000000)
  region size 8192K, 10 young (81920K), 0 survivors (0K)
 Metaspace       used 68123K, committed 68992K, reserved 1114112K
  class space    used 8401K, committed 8832K, reserved 1048576K
}
Event: 357.078 GC heap after
{Heap after GC invocations=22 (full 9):
 garbage-first heap   total 221184K, used 58200K [0x0000000400000000, 0x0000000800000000)
  region size 8192K, 0 young (0K), 0 survivors (0K)
 Metaspace       used 68117K, committed 68992K, reserved 1114112K
  class space    used 8400K, committed 8832K, reserved 1048576K
}
Event: 368.007 GC heap before
{Heap before GC invocations=22 (full 9):
 garbage-first heap   total 221184K, used 131928K [0x0000000400000000, 0x0000000800000000)
  region size 8192K, 10 young (81920K), 0 survivors (0K)
 Metaspace       used 68443K, committed 69312K, reserved 1114112K
  class space    used 8415K, committed 8832K, reserved 1048576K
}
Event: 368.064 GC heap after
{Heap after GC invocations=23 (full 10):
 garbage-first heap   total 221184K, used 60722K [0x0000000400000000, 0x0000000800000000)
  region size 8192K, 0 young (0K), 0 survivors (0K)
 Metaspace       used 68437K, committed 69312K, reserved 1114112K
  class space    used 8414K, committed 8832K, reserved 1048576K
}

